  demo.cpp
c:\allprogram\ncnn\demo\demo\demo.cpp(45): warning C4244: “=”: 从“const float”转换到“int”，可能丢失数据
c:\allprogram\ncnn\demo\demo\demo.cpp(56): warning C4244: “=”: 从“int”转换到“float”，可能丢失数据
c:\allprogram\ncnn\demo\demo\demo.cpp(57): warning C4244: “=”: 从“int”转换到“float”，可能丢失数据
c:\allprogram\ncnn\demo\demo\demo.cpp(58): warning C4244: “=”: 从“int”转换到“float”，可能丢失数据
c:\allprogram\ncnn\demo\demo\demo.cpp(59): warning C4244: “=”: 从“int”转换到“float”，可能丢失数据
c:\allprogram\ncnn\demo\demo\demo.cpp(61): warning C4244: “参数”: 从“float”转换到“_Tp”，可能丢失数据
          with
          [
              _Tp=int
          ]
c:\allprogram\ncnn\demo\demo\demo.cpp(67): warning C4244: “参数”: 从“float”转换到“_Tp”，可能丢失数据
          with
          [
              _Tp=int
          ]
ncnn.lib(mat_pixel.cpp.obj) : error LNK2038: 检测到“_ITERATOR_DEBUG_LEVEL”的不匹配项: 值“0”不匹配值“2”(demo.obj 中)
ncnn.lib(mat_pixel.cpp.obj) : error LNK2038: 检测到“RuntimeLibrary”的不匹配项: 值“MD_DynamicRelease”不匹配值“MDd_DynamicDebug”(demo.obj 中)
ncnn.lib(mat.cpp.obj) : error LNK2038: 检测到“_ITERATOR_DEBUG_LEVEL”的不匹配项: 值“0”不匹配值“2”(demo.obj 中)
ncnn.lib(mat.cpp.obj) : error LNK2038: 检测到“RuntimeLibrary”的不匹配项: 值“MD_DynamicRelease”不匹配值“MDd_DynamicDebug”(demo.obj 中)
ncnn.lib(net.cpp.obj) : error LNK2038: 检测到“_ITERATOR_DEBUG_LEVEL”的不匹配项: 值“0”不匹配值“2”(demo.obj 中)
ncnn.lib(net.cpp.obj) : error LNK2038: 检测到“RuntimeLibrary”的不匹配项: 值“MD_DynamicRelease”不匹配值“MDd_DynamicDebug”(demo.obj 中)
ncnn.lib(mat_pixel_resize.cpp.obj) : error LNK2038: 检测到“_ITERATOR_DEBUG_LEVEL”的不匹配项: 值“0”不匹配值“2”(demo.obj 中)
ncnn.lib(mat_pixel_resize.cpp.obj) : error LNK2038: 检测到“RuntimeLibrary”的不匹配项: 值“MD_DynamicRelease”不匹配值“MDd_DynamicDebug”(demo.obj 中)
ncnn.lib(option.cpp.obj) : error LNK2038: 检测到“_ITERATOR_DEBUG_LEVEL”的不匹配项: 值“0”不匹配值“2”(demo.obj 中)
ncnn.lib(option.cpp.obj) : error LNK2038: 检测到“RuntimeLibrary”的不匹配项: 值“MD_DynamicRelease”不匹配值“MDd_DynamicDebug”(demo.obj 中)
ncnn.lib(modelbin.cpp.obj) : error LNK2038: 检测到“_ITERATOR_DEBUG_LEVEL”的不匹配项: 值“0”不匹配值“2”(demo.obj 中)
ncnn.lib(modelbin.cpp.obj) : error LNK2038: 检测到“RuntimeLibrary”的不匹配项: 值“MD_DynamicRelease”不匹配值“MDd_DynamicDebug”(demo.obj 中)
ncnn.lib(paramdict.cpp.obj) : error LNK2038: 检测到“_ITERATOR_DEBUG_LEVEL”的不匹配项: 值“0”不匹配值“2”(demo.obj 中)
ncnn.lib(paramdict.cpp.obj) : error LNK2038: 检测到“RuntimeLibrary”的不匹配项: 值“MD_DynamicRelease”不匹配值“MDd_DynamicDebug”(demo.obj 中)
ncnn.lib(layer.cpp.obj) : error LNK2038: 检测到“_ITERATOR_DEBUG_LEVEL”的不匹配项: 值“0”不匹配值“2”(demo.obj 中)
ncnn.lib(layer.cpp.obj) : error LNK2038: 检测到“RuntimeLibrary”的不匹配项: 值“MD_DynamicRelease”不匹配值“MDd_DynamicDebug”(demo.obj 中)
ncnn.lib(allocator.cpp.obj) : error LNK2038: 检测到“_ITERATOR_DEBUG_LEVEL”的不匹配项: 值“0”不匹配值“2”(demo.obj 中)
ncnn.lib(allocator.cpp.obj) : error LNK2038: 检测到“RuntimeLibrary”的不匹配项: 值“MD_DynamicRelease”不匹配值“MDd_DynamicDebug”(demo.obj 中)
ncnn.lib(blob.cpp.obj) : error LNK2038: 检测到“_ITERATOR_DEBUG_LEVEL”的不匹配项: 值“0”不匹配值“2”(demo.obj 中)
ncnn.lib(blob.cpp.obj) : error LNK2038: 检测到“RuntimeLibrary”的不匹配项: 值“MD_DynamicRelease”不匹配值“MDd_DynamicDebug”(demo.obj 中)
ncnn.lib(cpu.cpp.obj) : error LNK2038: 检测到“_ITERATOR_DEBUG_LEVEL”的不匹配项: 值“0”不匹配值“2”(demo.obj 中)
ncnn.lib(cpu.cpp.obj) : error LNK2038: 检测到“RuntimeLibrary”的不匹配项: 值“MD_DynamicRelease”不匹配值“MDd_DynamicDebug”(demo.obj 中)
ncnn.lib(datareader.cpp.obj) : error LNK2038: 检测到“_ITERATOR_DEBUG_LEVEL”的不匹配项: 值“0”不匹配值“2”(demo.obj 中)
ncnn.lib(datareader.cpp.obj) : error LNK2038: 检测到“RuntimeLibrary”的不匹配项: 值“MD_DynamicRelease”不匹配值“MDd_DynamicDebug”(demo.obj 中)
ncnn.lib(absval.cpp.obj) : error LNK2038: 检测到“_ITERATOR_DEBUG_LEVEL”的不匹配项: 值“0”不匹配值“2”(demo.obj 中)
ncnn.lib(absval.cpp.obj) : error LNK2038: 检测到“RuntimeLibrary”的不匹配项: 值“MD_DynamicRelease”不匹配值“MDd_DynamicDebug”(demo.obj 中)
ncnn.lib(batchnorm.cpp.obj) : error LNK2038: 检测到“_ITERATOR_DEBUG_LEVEL”的不匹配项: 值“0”不匹配值“2”(demo.obj 中)
ncnn.lib(batchnorm.cpp.obj) : error LNK2038: 检测到“RuntimeLibrary”的不匹配项: 值“MD_DynamicRelease”不匹配值“MDd_DynamicDebug”(demo.obj 中)
ncnn.lib(batchnorm_x86.cpp.obj) : error LNK2038: 检测到“_ITERATOR_DEBUG_LEVEL”的不匹配项: 值“0”不匹配值“2”(demo.obj 中)
ncnn.lib(batchnorm_x86.cpp.obj) : error LNK2038: 检测到“RuntimeLibrary”的不匹配项: 值“MD_DynamicRelease”不匹配值“MDd_DynamicDebug”(demo.obj 中)
ncnn.lib(batchnorm_x86_avx2.cpp.obj) : error LNK2038: 检测到“_ITERATOR_DEBUG_LEVEL”的不匹配项: 值“0”不匹配值“2”(demo.obj 中)
ncnn.lib(batchnorm_x86_avx2.cpp.obj) : error LNK2038: 检测到“RuntimeLibrary”的不匹配项: 值“MD_DynamicRelease”不匹配值“MDd_DynamicDebug”(demo.obj 中)
ncnn.lib(bias.cpp.obj) : error LNK2038: 检测到“_ITERATOR_DEBUG_LEVEL”的不匹配项: 值“0”不匹配值“2”(demo.obj 中)
ncnn.lib(bias.cpp.obj) : error LNK2038: 检测到“RuntimeLibrary”的不匹配项: 值“MD_DynamicRelease”不匹配值“MDd_DynamicDebug”(demo.obj 中)
ncnn.lib(bias_x86.cpp.obj) : error LNK2038: 检测到“_ITERATOR_DEBUG_LEVEL”的不匹配项: 值“0”不匹配值“2”(demo.obj 中)
ncnn.lib(bias_x86.cpp.obj) : error LNK2038: 检测到“RuntimeLibrary”的不匹配项: 值“MD_DynamicRelease”不匹配值“MDd_DynamicDebug”(demo.obj 中)
ncnn.lib(bias_x86_avx2.cpp.obj) : error LNK2038: 检测到“_ITERATOR_DEBUG_LEVEL”的不匹配项: 值“0”不匹配值“2”(demo.obj 中)
ncnn.lib(bias_x86_avx2.cpp.obj) : error LNK2038: 检测到“RuntimeLibrary”的不匹配项: 值“MD_DynamicRelease”不匹配值“MDd_DynamicDebug”(demo.obj 中)
ncnn.lib(bnll.cpp.obj) : error LNK2038: 检测到“_ITERATOR_DEBUG_LEVEL”的不匹配项: 值“0”不匹配值“2”(demo.obj 中)
ncnn.lib(bnll.cpp.obj) : error LNK2038: 检测到“RuntimeLibrary”的不匹配项: 值“MD_DynamicRelease”不匹配值“MDd_DynamicDebug”(demo.obj 中)
ncnn.lib(concat.cpp.obj) : error LNK2038: 检测到“_ITERATOR_DEBUG_LEVEL”的不匹配项: 值“0”不匹配值“2”(demo.obj 中)
ncnn.lib(concat.cpp.obj) : error LNK2038: 检测到“RuntimeLibrary”的不匹配项: 值“MD_DynamicRelease”不匹配值“MDd_DynamicDebug”(demo.obj 中)
ncnn.lib(concat_x86.cpp.obj) : error LNK2038: 检测到“_ITERATOR_DEBUG_LEVEL”的不匹配项: 值“0”不匹配值“2”(demo.obj 中)
ncnn.lib(concat_x86.cpp.obj) : error LNK2038: 检测到“RuntimeLibrary”的不匹配项: 值“MD_DynamicRelease”不匹配值“MDd_DynamicDebug”(demo.obj 中)
ncnn.lib(concat_x86_avx2.cpp.obj) : error LNK2038: 检测到“_ITERATOR_DEBUG_LEVEL”的不匹配项: 值“0”不匹配值“2”(demo.obj 中)
ncnn.lib(concat_x86_avx2.cpp.obj) : error LNK2038: 检测到“RuntimeLibrary”的不匹配项: 值“MD_DynamicRelease”不匹配值“MDd_DynamicDebug”(demo.obj 中)
ncnn.lib(convolution.cpp.obj) : error LNK2038: 检测到“_ITERATOR_DEBUG_LEVEL”的不匹配项: 值“0”不匹配值“2”(demo.obj 中)
ncnn.lib(convolution.cpp.obj) : error LNK2038: 检测到“RuntimeLibrary”的不匹配项: 值“MD_DynamicRelease”不匹配值“MDd_DynamicDebug”(demo.obj 中)
ncnn.lib(convolution_x86.cpp.obj) : error LNK2038: 检测到“_ITERATOR_DEBUG_LEVEL”的不匹配项: 值“0”不匹配值“2”(demo.obj 中)
ncnn.lib(convolution_x86.cpp.obj) : error LNK2038: 检测到“RuntimeLibrary”的不匹配项: 值“MD_DynamicRelease”不匹配值“MDd_DynamicDebug”(demo.obj 中)
ncnn.lib(convolution_x86_avx2.cpp.obj) : error LNK2038: 检测到“_ITERATOR_DEBUG_LEVEL”的不匹配项: 值“0”不匹配值“2”(demo.obj 中)
ncnn.lib(convolution_x86_avx2.cpp.obj) : error LNK2038: 检测到“RuntimeLibrary”的不匹配项: 值“MD_DynamicRelease”不匹配值“MDd_DynamicDebug”(demo.obj 中)
ncnn.lib(crop.cpp.obj) : error LNK2038: 检测到“_ITERATOR_DEBUG_LEVEL”的不匹配项: 值“0”不匹配值“2”(demo.obj 中)
ncnn.lib(crop.cpp.obj) : error LNK2038: 检测到“RuntimeLibrary”的不匹配项: 值“MD_DynamicRelease”不匹配值“MDd_DynamicDebug”(demo.obj 中)
ncnn.lib(crop_x86.cpp.obj) : error LNK2038: 检测到“_ITERATOR_DEBUG_LEVEL”的不匹配项: 值“0”不匹配值“2”(demo.obj 中)
ncnn.lib(crop_x86.cpp.obj) : error LNK2038: 检测到“RuntimeLibrary”的不匹配项: 值“MD_DynamicRelease”不匹配值“MDd_DynamicDebug”(demo.obj 中)
ncnn.lib(crop_x86_avx2.cpp.obj) : error LNK2038: 检测到“_ITERATOR_DEBUG_LEVEL”的不匹配项: 值“0”不匹配值“2”(demo.obj 中)
ncnn.lib(crop_x86_avx2.cpp.obj) : error LNK2038: 检测到“RuntimeLibrary”的不匹配项: 值“MD_DynamicRelease”不匹配值“MDd_DynamicDebug”(demo.obj 中)
ncnn.lib(deconvolution.cpp.obj) : error LNK2038: 检测到“_ITERATOR_DEBUG_LEVEL”的不匹配项: 值“0”不匹配值“2”(demo.obj 中)
ncnn.lib(deconvolution.cpp.obj) : error LNK2038: 检测到“RuntimeLibrary”的不匹配项: 值“MD_DynamicRelease”不匹配值“MDd_DynamicDebug”(demo.obj 中)
ncnn.lib(dropout.cpp.obj) : error LNK2038: 检测到“_ITERATOR_DEBUG_LEVEL”的不匹配项: 值“0”不匹配值“2”(demo.obj 中)
ncnn.lib(dropout.cpp.obj) : error LNK2038: 检测到“RuntimeLibrary”的不匹配项: 值“MD_DynamicRelease”不匹配值“MDd_DynamicDebug”(demo.obj 中)
ncnn.lib(dropout_x86.cpp.obj) : error LNK2038: 检测到“_ITERATOR_DEBUG_LEVEL”的不匹配项: 值“0”不匹配值“2”(demo.obj 中)
ncnn.lib(dropout_x86.cpp.obj) : error LNK2038: 检测到“RuntimeLibrary”的不匹配项: 值“MD_DynamicRelease”不匹配值“MDd_DynamicDebug”(demo.obj 中)
ncnn.lib(dropout_x86_avx2.cpp.obj) : error LNK2038: 检测到“_ITERATOR_DEBUG_LEVEL”的不匹配项: 值“0”不匹配值“2”(demo.obj 中)
ncnn.lib(dropout_x86_avx2.cpp.obj) : error LNK2038: 检测到“RuntimeLibrary”的不匹配项: 值“MD_DynamicRelease”不匹配值“MDd_DynamicDebug”(demo.obj 中)
ncnn.lib(eltwise.cpp.obj) : error LNK2038: 检测到“_ITERATOR_DEBUG_LEVEL”的不匹配项: 值“0”不匹配值“2”(demo.obj 中)
ncnn.lib(eltwise.cpp.obj) : error LNK2038: 检测到“RuntimeLibrary”的不匹配项: 值“MD_DynamicRelease”不匹配值“MDd_DynamicDebug”(demo.obj 中)
ncnn.lib(eltwise_x86.cpp.obj) : error LNK2038: 检测到“_ITERATOR_DEBUG_LEVEL”的不匹配项: 值“0”不匹配值“2”(demo.obj 中)
ncnn.lib(eltwise_x86.cpp.obj) : error LNK2038: 检测到“RuntimeLibrary”的不匹配项: 值“MD_DynamicRelease”不匹配值“MDd_DynamicDebug”(demo.obj 中)
ncnn.lib(eltwise_x86_avx2.cpp.obj) : error LNK2038: 检测到“_ITERATOR_DEBUG_LEVEL”的不匹配项: 值“0”不匹配值“2”(demo.obj 中)
ncnn.lib(eltwise_x86_avx2.cpp.obj) : error LNK2038: 检测到“RuntimeLibrary”的不匹配项: 值“MD_DynamicRelease”不匹配值“MDd_DynamicDebug”(demo.obj 中)
ncnn.lib(elu.cpp.obj) : error LNK2038: 检测到“_ITERATOR_DEBUG_LEVEL”的不匹配项: 值“0”不匹配值“2”(demo.obj 中)
ncnn.lib(elu.cpp.obj) : error LNK2038: 检测到“RuntimeLibrary”的不匹配项: 值“MD_DynamicRelease”不匹配值“MDd_DynamicDebug”(demo.obj 中)
ncnn.lib(embed.cpp.obj) : error LNK2038: 检测到“_ITERATOR_DEBUG_LEVEL”的不匹配项: 值“0”不匹配值“2”(demo.obj 中)
ncnn.lib(embed.cpp.obj) : error LNK2038: 检测到“RuntimeLibrary”的不匹配项: 值“MD_DynamicRelease”不匹配值“MDd_DynamicDebug”(demo.obj 中)
ncnn.lib(exp.cpp.obj) : error LNK2038: 检测到“_ITERATOR_DEBUG_LEVEL”的不匹配项: 值“0”不匹配值“2”(demo.obj 中)
ncnn.lib(exp.cpp.obj) : error LNK2038: 检测到“RuntimeLibrary”的不匹配项: 值“MD_DynamicRelease”不匹配值“MDd_DynamicDebug”(demo.obj 中)
ncnn.lib(flatten.cpp.obj) : error LNK2038: 检测到“_ITERATOR_DEBUG_LEVEL”的不匹配项: 值“0”不匹配值“2”(demo.obj 中)
ncnn.lib(flatten.cpp.obj) : error LNK2038: 检测到“RuntimeLibrary”的不匹配项: 值“MD_DynamicRelease”不匹配值“MDd_DynamicDebug”(demo.obj 中)
ncnn.lib(flatten_x86.cpp.obj) : error LNK2038: 检测到“_ITERATOR_DEBUG_LEVEL”的不匹配项: 值“0”不匹配值“2”(demo.obj 中)
ncnn.lib(flatten_x86.cpp.obj) : error LNK2038: 检测到“RuntimeLibrary”的不匹配项: 值“MD_DynamicRelease”不匹配值“MDd_DynamicDebug”(demo.obj 中)
ncnn.lib(flatten_x86_avx2.cpp.obj) : error LNK2038: 检测到“_ITERATOR_DEBUG_LEVEL”的不匹配项: 值“0”不匹配值“2”(demo.obj 中)
ncnn.lib(flatten_x86_avx2.cpp.obj) : error LNK2038: 检测到“RuntimeLibrary”的不匹配项: 值“MD_DynamicRelease”不匹配值“MDd_DynamicDebug”(demo.obj 中)
ncnn.lib(innerproduct.cpp.obj) : error LNK2038: 检测到“_ITERATOR_DEBUG_LEVEL”的不匹配项: 值“0”不匹配值“2”(demo.obj 中)
ncnn.lib(innerproduct.cpp.obj) : error LNK2038: 检测到“RuntimeLibrary”的不匹配项: 值“MD_DynamicRelease”不匹配值“MDd_DynamicDebug”(demo.obj 中)
ncnn.lib(innerproduct_x86.cpp.obj) : error LNK2038: 检测到“_ITERATOR_DEBUG_LEVEL”的不匹配项: 值“0”不匹配值“2”(demo.obj 中)
ncnn.lib(innerproduct_x86.cpp.obj) : error LNK2038: 检测到“RuntimeLibrary”的不匹配项: 值“MD_DynamicRelease”不匹配值“MDd_DynamicDebug”(demo.obj 中)
ncnn.lib(innerproduct_x86_avx2.cpp.obj) : error LNK2038: 检测到“_ITERATOR_DEBUG_LEVEL”的不匹配项: 值“0”不匹配值“2”(demo.obj 中)
ncnn.lib(innerproduct_x86_avx2.cpp.obj) : error LNK2038: 检测到“RuntimeLibrary”的不匹配项: 值“MD_DynamicRelease”不匹配值“MDd_DynamicDebug”(demo.obj 中)
ncnn.lib(input.cpp.obj) : error LNK2038: 检测到“_ITERATOR_DEBUG_LEVEL”的不匹配项: 值“0”不匹配值“2”(demo.obj 中)
ncnn.lib(input.cpp.obj) : error LNK2038: 检测到“RuntimeLibrary”的不匹配项: 值“MD_DynamicRelease”不匹配值“MDd_DynamicDebug”(demo.obj 中)
ncnn.lib(log.cpp.obj) : error LNK2038: 检测到“_ITERATOR_DEBUG_LEVEL”的不匹配项: 值“0”不匹配值“2”(demo.obj 中)
ncnn.lib(log.cpp.obj) : error LNK2038: 检测到“RuntimeLibrary”的不匹配项: 值“MD_DynamicRelease”不匹配值“MDd_DynamicDebug”(demo.obj 中)
ncnn.lib(lrn.cpp.obj) : error LNK2038: 检测到“_ITERATOR_DEBUG_LEVEL”的不匹配项: 值“0”不匹配值“2”(demo.obj 中)
ncnn.lib(lrn.cpp.obj) : error LNK2038: 检测到“RuntimeLibrary”的不匹配项: 值“MD_DynamicRelease”不匹配值“MDd_DynamicDebug”(demo.obj 中)
ncnn.lib(lrn_x86.cpp.obj) : error LNK2038: 检测到“_ITERATOR_DEBUG_LEVEL”的不匹配项: 值“0”不匹配值“2”(demo.obj 中)
ncnn.lib(lrn_x86.cpp.obj) : error LNK2038: 检测到“RuntimeLibrary”的不匹配项: 值“MD_DynamicRelease”不匹配值“MDd_DynamicDebug”(demo.obj 中)
ncnn.lib(lrn_x86_avx2.cpp.obj) : error LNK2038: 检测到“_ITERATOR_DEBUG_LEVEL”的不匹配项: 值“0”不匹配值“2”(demo.obj 中)
ncnn.lib(lrn_x86_avx2.cpp.obj) : error LNK2038: 检测到“RuntimeLibrary”的不匹配项: 值“MD_DynamicRelease”不匹配值“MDd_DynamicDebug”(demo.obj 中)
ncnn.lib(memorydata.cpp.obj) : error LNK2038: 检测到“_ITERATOR_DEBUG_LEVEL”的不匹配项: 值“0”不匹配值“2”(demo.obj 中)
ncnn.lib(memorydata.cpp.obj) : error LNK2038: 检测到“RuntimeLibrary”的不匹配项: 值“MD_DynamicRelease”不匹配值“MDd_DynamicDebug”(demo.obj 中)
ncnn.lib(mvn.cpp.obj) : error LNK2038: 检测到“_ITERATOR_DEBUG_LEVEL”的不匹配项: 值“0”不匹配值“2”(demo.obj 中)
ncnn.lib(mvn.cpp.obj) : error LNK2038: 检测到“RuntimeLibrary”的不匹配项: 值“MD_DynamicRelease”不匹配值“MDd_DynamicDebug”(demo.obj 中)
ncnn.lib(pooling.cpp.obj) : error LNK2038: 检测到“_ITERATOR_DEBUG_LEVEL”的不匹配项: 值“0”不匹配值“2”(demo.obj 中)
ncnn.lib(pooling.cpp.obj) : error LNK2038: 检测到“RuntimeLibrary”的不匹配项: 值“MD_DynamicRelease”不匹配值“MDd_DynamicDebug”(demo.obj 中)
ncnn.lib(pooling_x86.cpp.obj) : error LNK2038: 检测到“_ITERATOR_DEBUG_LEVEL”的不匹配项: 值“0”不匹配值“2”(demo.obj 中)
ncnn.lib(pooling_x86.cpp.obj) : error LNK2038: 检测到“RuntimeLibrary”的不匹配项: 值“MD_DynamicRelease”不匹配值“MDd_DynamicDebug”(demo.obj 中)
ncnn.lib(pooling_x86_avx2.cpp.obj) : error LNK2038: 检测到“_ITERATOR_DEBUG_LEVEL”的不匹配项: 值“0”不匹配值“2”(demo.obj 中)
ncnn.lib(pooling_x86_avx2.cpp.obj) : error LNK2038: 检测到“RuntimeLibrary”的不匹配项: 值“MD_DynamicRelease”不匹配值“MDd_DynamicDebug”(demo.obj 中)
ncnn.lib(power.cpp.obj) : error LNK2038: 检测到“_ITERATOR_DEBUG_LEVEL”的不匹配项: 值“0”不匹配值“2”(demo.obj 中)
ncnn.lib(power.cpp.obj) : error LNK2038: 检测到“RuntimeLibrary”的不匹配项: 值“MD_DynamicRelease”不匹配值“MDd_DynamicDebug”(demo.obj 中)
ncnn.lib(prelu.cpp.obj) : error LNK2038: 检测到“_ITERATOR_DEBUG_LEVEL”的不匹配项: 值“0”不匹配值“2”(demo.obj 中)
ncnn.lib(prelu.cpp.obj) : error LNK2038: 检测到“RuntimeLibrary”的不匹配项: 值“MD_DynamicRelease”不匹配值“MDd_DynamicDebug”(demo.obj 中)
ncnn.lib(prelu_x86.cpp.obj) : error LNK2038: 检测到“_ITERATOR_DEBUG_LEVEL”的不匹配项: 值“0”不匹配值“2”(demo.obj 中)
ncnn.lib(prelu_x86.cpp.obj) : error LNK2038: 检测到“RuntimeLibrary”的不匹配项: 值“MD_DynamicRelease”不匹配值“MDd_DynamicDebug”(demo.obj 中)
ncnn.lib(prelu_x86_avx2.cpp.obj) : error LNK2038: 检测到“_ITERATOR_DEBUG_LEVEL”的不匹配项: 值“0”不匹配值“2”(demo.obj 中)
ncnn.lib(prelu_x86_avx2.cpp.obj) : error LNK2038: 检测到“RuntimeLibrary”的不匹配项: 值“MD_DynamicRelease”不匹配值“MDd_DynamicDebug”(demo.obj 中)
ncnn.lib(proposal.cpp.obj) : error LNK2038: 检测到“_ITERATOR_DEBUG_LEVEL”的不匹配项: 值“0”不匹配值“2”(demo.obj 中)
ncnn.lib(proposal.cpp.obj) : error LNK2038: 检测到“RuntimeLibrary”的不匹配项: 值“MD_DynamicRelease”不匹配值“MDd_DynamicDebug”(demo.obj 中)
ncnn.lib(reduction.cpp.obj) : error LNK2038: 检测到“_ITERATOR_DEBUG_LEVEL”的不匹配项: 值“0”不匹配值“2”(demo.obj 中)
ncnn.lib(reduction.cpp.obj) : error LNK2038: 检测到“RuntimeLibrary”的不匹配项: 值“MD_DynamicRelease”不匹配值“MDd_DynamicDebug”(demo.obj 中)
ncnn.lib(relu.cpp.obj) : error LNK2038: 检测到“_ITERATOR_DEBUG_LEVEL”的不匹配项: 值“0”不匹配值“2”(demo.obj 中)
ncnn.lib(relu.cpp.obj) : error LNK2038: 检测到“RuntimeLibrary”的不匹配项: 值“MD_DynamicRelease”不匹配值“MDd_DynamicDebug”(demo.obj 中)
ncnn.lib(relu_x86.cpp.obj) : error LNK2038: 检测到“_ITERATOR_DEBUG_LEVEL”的不匹配项: 值“0”不匹配值“2”(demo.obj 中)
ncnn.lib(relu_x86.cpp.obj) : error LNK2038: 检测到“RuntimeLibrary”的不匹配项: 值“MD_DynamicRelease”不匹配值“MDd_DynamicDebug”(demo.obj 中)
ncnn.lib(relu_x86_avx2.cpp.obj) : error LNK2038: 检测到“_ITERATOR_DEBUG_LEVEL”的不匹配项: 值“0”不匹配值“2”(demo.obj 中)
ncnn.lib(relu_x86_avx2.cpp.obj) : error LNK2038: 检测到“RuntimeLibrary”的不匹配项: 值“MD_DynamicRelease”不匹配值“MDd_DynamicDebug”(demo.obj 中)
ncnn.lib(reshape.cpp.obj) : error LNK2038: 检测到“_ITERATOR_DEBUG_LEVEL”的不匹配项: 值“0”不匹配值“2”(demo.obj 中)
ncnn.lib(reshape.cpp.obj) : error LNK2038: 检测到“RuntimeLibrary”的不匹配项: 值“MD_DynamicRelease”不匹配值“MDd_DynamicDebug”(demo.obj 中)
ncnn.lib(reshape_x86.cpp.obj) : error LNK2038: 检测到“_ITERATOR_DEBUG_LEVEL”的不匹配项: 值“0”不匹配值“2”(demo.obj 中)
ncnn.lib(reshape_x86.cpp.obj) : error LNK2038: 检测到“RuntimeLibrary”的不匹配项: 值“MD_DynamicRelease”不匹配值“MDd_DynamicDebug”(demo.obj 中)
ncnn.lib(reshape_x86_avx2.cpp.obj) : error LNK2038: 检测到“_ITERATOR_DEBUG_LEVEL”的不匹配项: 值“0”不匹配值“2”(demo.obj 中)
ncnn.lib(reshape_x86_avx2.cpp.obj) : error LNK2038: 检测到“RuntimeLibrary”的不匹配项: 值“MD_DynamicRelease”不匹配值“MDd_DynamicDebug”(demo.obj 中)
ncnn.lib(roipooling.cpp.obj) : error LNK2038: 检测到“_ITERATOR_DEBUG_LEVEL”的不匹配项: 值“0”不匹配值“2”(demo.obj 中)
ncnn.lib(roipooling.cpp.obj) : error LNK2038: 检测到“RuntimeLibrary”的不匹配项: 值“MD_DynamicRelease”不匹配值“MDd_DynamicDebug”(demo.obj 中)
ncnn.lib(scale.cpp.obj) : error LNK2038: 检测到“_ITERATOR_DEBUG_LEVEL”的不匹配项: 值“0”不匹配值“2”(demo.obj 中)
ncnn.lib(scale.cpp.obj) : error LNK2038: 检测到“RuntimeLibrary”的不匹配项: 值“MD_DynamicRelease”不匹配值“MDd_DynamicDebug”(demo.obj 中)
ncnn.lib(scale_x86.cpp.obj) : error LNK2038: 检测到“_ITERATOR_DEBUG_LEVEL”的不匹配项: 值“0”不匹配值“2”(demo.obj 中)
ncnn.lib(scale_x86.cpp.obj) : error LNK2038: 检测到“RuntimeLibrary”的不匹配项: 值“MD_DynamicRelease”不匹配值“MDd_DynamicDebug”(demo.obj 中)
ncnn.lib(scale_x86_avx2.cpp.obj) : error LNK2038: 检测到“_ITERATOR_DEBUG_LEVEL”的不匹配项: 值“0”不匹配值“2”(demo.obj 中)
ncnn.lib(scale_x86_avx2.cpp.obj) : error LNK2038: 检测到“RuntimeLibrary”的不匹配项: 值“MD_DynamicRelease”不匹配值“MDd_DynamicDebug”(demo.obj 中)
ncnn.lib(sigmoid.cpp.obj) : error LNK2038: 检测到“_ITERATOR_DEBUG_LEVEL”的不匹配项: 值“0”不匹配值“2”(demo.obj 中)
ncnn.lib(sigmoid.cpp.obj) : error LNK2038: 检测到“RuntimeLibrary”的不匹配项: 值“MD_DynamicRelease”不匹配值“MDd_DynamicDebug”(demo.obj 中)
ncnn.lib(sigmoid_x86.cpp.obj) : error LNK2038: 检测到“_ITERATOR_DEBUG_LEVEL”的不匹配项: 值“0”不匹配值“2”(demo.obj 中)
ncnn.lib(sigmoid_x86.cpp.obj) : error LNK2038: 检测到“RuntimeLibrary”的不匹配项: 值“MD_DynamicRelease”不匹配值“MDd_DynamicDebug”(demo.obj 中)
ncnn.lib(sigmoid_x86_avx2.cpp.obj) : error LNK2038: 检测到“_ITERATOR_DEBUG_LEVEL”的不匹配项: 值“0”不匹配值“2”(demo.obj 中)
ncnn.lib(sigmoid_x86_avx2.cpp.obj) : error LNK2038: 检测到“RuntimeLibrary”的不匹配项: 值“MD_DynamicRelease”不匹配值“MDd_DynamicDebug”(demo.obj 中)
ncnn.lib(slice.cpp.obj) : error LNK2038: 检测到“_ITERATOR_DEBUG_LEVEL”的不匹配项: 值“0”不匹配值“2”(demo.obj 中)
ncnn.lib(slice.cpp.obj) : error LNK2038: 检测到“RuntimeLibrary”的不匹配项: 值“MD_DynamicRelease”不匹配值“MDd_DynamicDebug”(demo.obj 中)
ncnn.lib(slice_x86.cpp.obj) : error LNK2038: 检测到“_ITERATOR_DEBUG_LEVEL”的不匹配项: 值“0”不匹配值“2”(demo.obj 中)
ncnn.lib(slice_x86.cpp.obj) : error LNK2038: 检测到“RuntimeLibrary”的不匹配项: 值“MD_DynamicRelease”不匹配值“MDd_DynamicDebug”(demo.obj 中)
ncnn.lib(slice_x86_avx2.cpp.obj) : error LNK2038: 检测到“_ITERATOR_DEBUG_LEVEL”的不匹配项: 值“0”不匹配值“2”(demo.obj 中)
ncnn.lib(slice_x86_avx2.cpp.obj) : error LNK2038: 检测到“RuntimeLibrary”的不匹配项: 值“MD_DynamicRelease”不匹配值“MDd_DynamicDebug”(demo.obj 中)
ncnn.lib(softmax.cpp.obj) : error LNK2038: 检测到“_ITERATOR_DEBUG_LEVEL”的不匹配项: 值“0”不匹配值“2”(demo.obj 中)
ncnn.lib(softmax.cpp.obj) : error LNK2038: 检测到“RuntimeLibrary”的不匹配项: 值“MD_DynamicRelease”不匹配值“MDd_DynamicDebug”(demo.obj 中)
ncnn.lib(split.cpp.obj) : error LNK2038: 检测到“_ITERATOR_DEBUG_LEVEL”的不匹配项: 值“0”不匹配值“2”(demo.obj 中)
ncnn.lib(split.cpp.obj) : error LNK2038: 检测到“RuntimeLibrary”的不匹配项: 值“MD_DynamicRelease”不匹配值“MDd_DynamicDebug”(demo.obj 中)
ncnn.lib(tanh.cpp.obj) : error LNK2038: 检测到“_ITERATOR_DEBUG_LEVEL”的不匹配项: 值“0”不匹配值“2”(demo.obj 中)
ncnn.lib(tanh.cpp.obj) : error LNK2038: 检测到“RuntimeLibrary”的不匹配项: 值“MD_DynamicRelease”不匹配值“MDd_DynamicDebug”(demo.obj 中)
ncnn.lib(tanh_x86.cpp.obj) : error LNK2038: 检测到“_ITERATOR_DEBUG_LEVEL”的不匹配项: 值“0”不匹配值“2”(demo.obj 中)
ncnn.lib(tanh_x86.cpp.obj) : error LNK2038: 检测到“RuntimeLibrary”的不匹配项: 值“MD_DynamicRelease”不匹配值“MDd_DynamicDebug”(demo.obj 中)
ncnn.lib(tanh_x86_avx2.cpp.obj) : error LNK2038: 检测到“_ITERATOR_DEBUG_LEVEL”的不匹配项: 值“0”不匹配值“2”(demo.obj 中)
ncnn.lib(tanh_x86_avx2.cpp.obj) : error LNK2038: 检测到“RuntimeLibrary”的不匹配项: 值“MD_DynamicRelease”不匹配值“MDd_DynamicDebug”(demo.obj 中)
ncnn.lib(threshold.cpp.obj) : error LNK2038: 检测到“_ITERATOR_DEBUG_LEVEL”的不匹配项: 值“0”不匹配值“2”(demo.obj 中)
ncnn.lib(threshold.cpp.obj) : error LNK2038: 检测到“RuntimeLibrary”的不匹配项: 值“MD_DynamicRelease”不匹配值“MDd_DynamicDebug”(demo.obj 中)
ncnn.lib(rnn.cpp.obj) : error LNK2038: 检测到“_ITERATOR_DEBUG_LEVEL”的不匹配项: 值“0”不匹配值“2”(demo.obj 中)
ncnn.lib(rnn.cpp.obj) : error LNK2038: 检测到“RuntimeLibrary”的不匹配项: 值“MD_DynamicRelease”不匹配值“MDd_DynamicDebug”(demo.obj 中)
ncnn.lib(lstm.cpp.obj) : error LNK2038: 检测到“_ITERATOR_DEBUG_LEVEL”的不匹配项: 值“0”不匹配值“2”(demo.obj 中)
ncnn.lib(lstm.cpp.obj) : error LNK2038: 检测到“RuntimeLibrary”的不匹配项: 值“MD_DynamicRelease”不匹配值“MDd_DynamicDebug”(demo.obj 中)
ncnn.lib(lstm_x86.cpp.obj) : error LNK2038: 检测到“_ITERATOR_DEBUG_LEVEL”的不匹配项: 值“0”不匹配值“2”(demo.obj 中)
ncnn.lib(lstm_x86.cpp.obj) : error LNK2038: 检测到“RuntimeLibrary”的不匹配项: 值“MD_DynamicRelease”不匹配值“MDd_DynamicDebug”(demo.obj 中)
ncnn.lib(lstm_x86_avx2.cpp.obj) : error LNK2038: 检测到“_ITERATOR_DEBUG_LEVEL”的不匹配项: 值“0”不匹配值“2”(demo.obj 中)
ncnn.lib(lstm_x86_avx2.cpp.obj) : error LNK2038: 检测到“RuntimeLibrary”的不匹配项: 值“MD_DynamicRelease”不匹配值“MDd_DynamicDebug”(demo.obj 中)
ncnn.lib(binaryop.cpp.obj) : error LNK2038: 检测到“_ITERATOR_DEBUG_LEVEL”的不匹配项: 值“0”不匹配值“2”(demo.obj 中)
ncnn.lib(binaryop.cpp.obj) : error LNK2038: 检测到“RuntimeLibrary”的不匹配项: 值“MD_DynamicRelease”不匹配值“MDd_DynamicDebug”(demo.obj 中)
ncnn.lib(binaryop_x86.cpp.obj) : error LNK2038: 检测到“_ITERATOR_DEBUG_LEVEL”的不匹配项: 值“0”不匹配值“2”(demo.obj 中)
ncnn.lib(binaryop_x86.cpp.obj) : error LNK2038: 检测到“RuntimeLibrary”的不匹配项: 值“MD_DynamicRelease”不匹配值“MDd_DynamicDebug”(demo.obj 中)
ncnn.lib(binaryop_x86_avx2.cpp.obj) : error LNK2038: 检测到“_ITERATOR_DEBUG_LEVEL”的不匹配项: 值“0”不匹配值“2”(demo.obj 中)
ncnn.lib(binaryop_x86_avx2.cpp.obj) : error LNK2038: 检测到“RuntimeLibrary”的不匹配项: 值“MD_DynamicRelease”不匹配值“MDd_DynamicDebug”(demo.obj 中)
ncnn.lib(unaryop.cpp.obj) : error LNK2038: 检测到“_ITERATOR_DEBUG_LEVEL”的不匹配项: 值“0”不匹配值“2”(demo.obj 中)
ncnn.lib(unaryop.cpp.obj) : error LNK2038: 检测到“RuntimeLibrary”的不匹配项: 值“MD_DynamicRelease”不匹配值“MDd_DynamicDebug”(demo.obj 中)
ncnn.lib(convolutiondepthwise.cpp.obj) : error LNK2038: 检测到“_ITERATOR_DEBUG_LEVEL”的不匹配项: 值“0”不匹配值“2”(demo.obj 中)
ncnn.lib(convolutiondepthwise.cpp.obj) : error LNK2038: 检测到“RuntimeLibrary”的不匹配项: 值“MD_DynamicRelease”不匹配值“MDd_DynamicDebug”(demo.obj 中)
ncnn.lib(convolutiondepthwise_x86.cpp.obj) : error LNK2038: 检测到“_ITERATOR_DEBUG_LEVEL”的不匹配项: 值“0”不匹配值“2”(demo.obj 中)
ncnn.lib(convolutiondepthwise_x86.cpp.obj) : error LNK2038: 检测到“RuntimeLibrary”的不匹配项: 值“MD_DynamicRelease”不匹配值“MDd_DynamicDebug”(demo.obj 中)
ncnn.lib(convolutiondepthwise_x86_avx2.cpp.obj) : error LNK2038: 检测到“_ITERATOR_DEBUG_LEVEL”的不匹配项: 值“0”不匹配值“2”(demo.obj 中)
ncnn.lib(convolutiondepthwise_x86_avx2.cpp.obj) : error LNK2038: 检测到“RuntimeLibrary”的不匹配项: 值“MD_DynamicRelease”不匹配值“MDd_DynamicDebug”(demo.obj 中)
ncnn.lib(padding.cpp.obj) : error LNK2038: 检测到“_ITERATOR_DEBUG_LEVEL”的不匹配项: 值“0”不匹配值“2”(demo.obj 中)
ncnn.lib(padding.cpp.obj) : error LNK2038: 检测到“RuntimeLibrary”的不匹配项: 值“MD_DynamicRelease”不匹配值“MDd_DynamicDebug”(demo.obj 中)
ncnn.lib(padding_x86.cpp.obj) : error LNK2038: 检测到“_ITERATOR_DEBUG_LEVEL”的不匹配项: 值“0”不匹配值“2”(demo.obj 中)
ncnn.lib(padding_x86.cpp.obj) : error LNK2038: 检测到“RuntimeLibrary”的不匹配项: 值“MD_DynamicRelease”不匹配值“MDd_DynamicDebug”(demo.obj 中)
ncnn.lib(padding_x86_avx2.cpp.obj) : error LNK2038: 检测到“_ITERATOR_DEBUG_LEVEL”的不匹配项: 值“0”不匹配值“2”(demo.obj 中)
ncnn.lib(padding_x86_avx2.cpp.obj) : error LNK2038: 检测到“RuntimeLibrary”的不匹配项: 值“MD_DynamicRelease”不匹配值“MDd_DynamicDebug”(demo.obj 中)
ncnn.lib(squeeze.cpp.obj) : error LNK2038: 检测到“_ITERATOR_DEBUG_LEVEL”的不匹配项: 值“0”不匹配值“2”(demo.obj 中)
ncnn.lib(squeeze.cpp.obj) : error LNK2038: 检测到“RuntimeLibrary”的不匹配项: 值“MD_DynamicRelease”不匹配值“MDd_DynamicDebug”(demo.obj 中)
ncnn.lib(expanddims.cpp.obj) : error LNK2038: 检测到“_ITERATOR_DEBUG_LEVEL”的不匹配项: 值“0”不匹配值“2”(demo.obj 中)
ncnn.lib(expanddims.cpp.obj) : error LNK2038: 检测到“RuntimeLibrary”的不匹配项: 值“MD_DynamicRelease”不匹配值“MDd_DynamicDebug”(demo.obj 中)
ncnn.lib(normalize.cpp.obj) : error LNK2038: 检测到“_ITERATOR_DEBUG_LEVEL”的不匹配项: 值“0”不匹配值“2”(demo.obj 中)
ncnn.lib(normalize.cpp.obj) : error LNK2038: 检测到“RuntimeLibrary”的不匹配项: 值“MD_DynamicRelease”不匹配值“MDd_DynamicDebug”(demo.obj 中)
ncnn.lib(permute.cpp.obj) : error LNK2038: 检测到“_ITERATOR_DEBUG_LEVEL”的不匹配项: 值“0”不匹配值“2”(demo.obj 中)
ncnn.lib(permute.cpp.obj) : error LNK2038: 检测到“RuntimeLibrary”的不匹配项: 值“MD_DynamicRelease”不匹配值“MDd_DynamicDebug”(demo.obj 中)
ncnn.lib(priorbox.cpp.obj) : error LNK2038: 检测到“_ITERATOR_DEBUG_LEVEL”的不匹配项: 值“0”不匹配值“2”(demo.obj 中)
ncnn.lib(priorbox.cpp.obj) : error LNK2038: 检测到“RuntimeLibrary”的不匹配项: 值“MD_DynamicRelease”不匹配值“MDd_DynamicDebug”(demo.obj 中)
ncnn.lib(detectionoutput.cpp.obj) : error LNK2038: 检测到“_ITERATOR_DEBUG_LEVEL”的不匹配项: 值“0”不匹配值“2”(demo.obj 中)
ncnn.lib(detectionoutput.cpp.obj) : error LNK2038: 检测到“RuntimeLibrary”的不匹配项: 值“MD_DynamicRelease”不匹配值“MDd_DynamicDebug”(demo.obj 中)
ncnn.lib(interp.cpp.obj) : error LNK2038: 检测到“_ITERATOR_DEBUG_LEVEL”的不匹配项: 值“0”不匹配值“2”(demo.obj 中)
ncnn.lib(interp.cpp.obj) : error LNK2038: 检测到“RuntimeLibrary”的不匹配项: 值“MD_DynamicRelease”不匹配值“MDd_DynamicDebug”(demo.obj 中)
ncnn.lib(deconvolutiondepthwise.cpp.obj) : error LNK2038: 检测到“_ITERATOR_DEBUG_LEVEL”的不匹配项: 值“0”不匹配值“2”(demo.obj 中)
ncnn.lib(deconvolutiondepthwise.cpp.obj) : error LNK2038: 检测到“RuntimeLibrary”的不匹配项: 值“MD_DynamicRelease”不匹配值“MDd_DynamicDebug”(demo.obj 中)
ncnn.lib(shufflechannel.cpp.obj) : error LNK2038: 检测到“_ITERATOR_DEBUG_LEVEL”的不匹配项: 值“0”不匹配值“2”(demo.obj 中)
ncnn.lib(shufflechannel.cpp.obj) : error LNK2038: 检测到“RuntimeLibrary”的不匹配项: 值“MD_DynamicRelease”不匹配值“MDd_DynamicDebug”(demo.obj 中)
ncnn.lib(instancenorm.cpp.obj) : error LNK2038: 检测到“_ITERATOR_DEBUG_LEVEL”的不匹配项: 值“0”不匹配值“2”(demo.obj 中)
ncnn.lib(instancenorm.cpp.obj) : error LNK2038: 检测到“RuntimeLibrary”的不匹配项: 值“MD_DynamicRelease”不匹配值“MDd_DynamicDebug”(demo.obj 中)
ncnn.lib(clip.cpp.obj) : error LNK2038: 检测到“_ITERATOR_DEBUG_LEVEL”的不匹配项: 值“0”不匹配值“2”(demo.obj 中)
ncnn.lib(clip.cpp.obj) : error LNK2038: 检测到“RuntimeLibrary”的不匹配项: 值“MD_DynamicRelease”不匹配值“MDd_DynamicDebug”(demo.obj 中)
ncnn.lib(clip_x86.cpp.obj) : error LNK2038: 检测到“_ITERATOR_DEBUG_LEVEL”的不匹配项: 值“0”不匹配值“2”(demo.obj 中)
ncnn.lib(clip_x86.cpp.obj) : error LNK2038: 检测到“RuntimeLibrary”的不匹配项: 值“MD_DynamicRelease”不匹配值“MDd_DynamicDebug”(demo.obj 中)
ncnn.lib(clip_x86_avx2.cpp.obj) : error LNK2038: 检测到“_ITERATOR_DEBUG_LEVEL”的不匹配项: 值“0”不匹配值“2”(demo.obj 中)
ncnn.lib(clip_x86_avx2.cpp.obj) : error LNK2038: 检测到“RuntimeLibrary”的不匹配项: 值“MD_DynamicRelease”不匹配值“MDd_DynamicDebug”(demo.obj 中)
ncnn.lib(reorg.cpp.obj) : error LNK2038: 检测到“_ITERATOR_DEBUG_LEVEL”的不匹配项: 值“0”不匹配值“2”(demo.obj 中)
ncnn.lib(reorg.cpp.obj) : error LNK2038: 检测到“RuntimeLibrary”的不匹配项: 值“MD_DynamicRelease”不匹配值“MDd_DynamicDebug”(demo.obj 中)
ncnn.lib(yolodetectionoutput.cpp.obj) : error LNK2038: 检测到“_ITERATOR_DEBUG_LEVEL”的不匹配项: 值“0”不匹配值“2”(demo.obj 中)
ncnn.lib(yolodetectionoutput.cpp.obj) : error LNK2038: 检测到“RuntimeLibrary”的不匹配项: 值“MD_DynamicRelease”不匹配值“MDd_DynamicDebug”(demo.obj 中)
ncnn.lib(quantize.cpp.obj) : error LNK2038: 检测到“_ITERATOR_DEBUG_LEVEL”的不匹配项: 值“0”不匹配值“2”(demo.obj 中)
ncnn.lib(quantize.cpp.obj) : error LNK2038: 检测到“RuntimeLibrary”的不匹配项: 值“MD_DynamicRelease”不匹配值“MDd_DynamicDebug”(demo.obj 中)
ncnn.lib(quantize_x86.cpp.obj) : error LNK2038: 检测到“_ITERATOR_DEBUG_LEVEL”的不匹配项: 值“0”不匹配值“2”(demo.obj 中)
ncnn.lib(quantize_x86.cpp.obj) : error LNK2038: 检测到“RuntimeLibrary”的不匹配项: 值“MD_DynamicRelease”不匹配值“MDd_DynamicDebug”(demo.obj 中)
ncnn.lib(quantize_x86_avx2.cpp.obj) : error LNK2038: 检测到“_ITERATOR_DEBUG_LEVEL”的不匹配项: 值“0”不匹配值“2”(demo.obj 中)
ncnn.lib(quantize_x86_avx2.cpp.obj) : error LNK2038: 检测到“RuntimeLibrary”的不匹配项: 值“MD_DynamicRelease”不匹配值“MDd_DynamicDebug”(demo.obj 中)
ncnn.lib(dequantize.cpp.obj) : error LNK2038: 检测到“_ITERATOR_DEBUG_LEVEL”的不匹配项: 值“0”不匹配值“2”(demo.obj 中)
ncnn.lib(dequantize.cpp.obj) : error LNK2038: 检测到“RuntimeLibrary”的不匹配项: 值“MD_DynamicRelease”不匹配值“MDd_DynamicDebug”(demo.obj 中)
ncnn.lib(dequantize_x86.cpp.obj) : error LNK2038: 检测到“_ITERATOR_DEBUG_LEVEL”的不匹配项: 值“0”不匹配值“2”(demo.obj 中)
ncnn.lib(dequantize_x86.cpp.obj) : error LNK2038: 检测到“RuntimeLibrary”的不匹配项: 值“MD_DynamicRelease”不匹配值“MDd_DynamicDebug”(demo.obj 中)
ncnn.lib(dequantize_x86_avx2.cpp.obj) : error LNK2038: 检测到“_ITERATOR_DEBUG_LEVEL”的不匹配项: 值“0”不匹配值“2”(demo.obj 中)
ncnn.lib(dequantize_x86_avx2.cpp.obj) : error LNK2038: 检测到“RuntimeLibrary”的不匹配项: 值“MD_DynamicRelease”不匹配值“MDd_DynamicDebug”(demo.obj 中)
ncnn.lib(yolov3detectionoutput.cpp.obj) : error LNK2038: 检测到“_ITERATOR_DEBUG_LEVEL”的不匹配项: 值“0”不匹配值“2”(demo.obj 中)
ncnn.lib(yolov3detectionoutput.cpp.obj) : error LNK2038: 检测到“RuntimeLibrary”的不匹配项: 值“MD_DynamicRelease”不匹配值“MDd_DynamicDebug”(demo.obj 中)
ncnn.lib(yolov3detectionoutput_x86.cpp.obj) : error LNK2038: 检测到“_ITERATOR_DEBUG_LEVEL”的不匹配项: 值“0”不匹配值“2”(demo.obj 中)
ncnn.lib(yolov3detectionoutput_x86.cpp.obj) : error LNK2038: 检测到“RuntimeLibrary”的不匹配项: 值“MD_DynamicRelease”不匹配值“MDd_DynamicDebug”(demo.obj 中)
ncnn.lib(yolov3detectionoutput_x86_avx2.cpp.obj) : error LNK2038: 检测到“_ITERATOR_DEBUG_LEVEL”的不匹配项: 值“0”不匹配值“2”(demo.obj 中)
ncnn.lib(yolov3detectionoutput_x86_avx2.cpp.obj) : error LNK2038: 检测到“RuntimeLibrary”的不匹配项: 值“MD_DynamicRelease”不匹配值“MDd_DynamicDebug”(demo.obj 中)
ncnn.lib(psroipooling.cpp.obj) : error LNK2038: 检测到“_ITERATOR_DEBUG_LEVEL”的不匹配项: 值“0”不匹配值“2”(demo.obj 中)
ncnn.lib(psroipooling.cpp.obj) : error LNK2038: 检测到“RuntimeLibrary”的不匹配项: 值“MD_DynamicRelease”不匹配值“MDd_DynamicDebug”(demo.obj 中)
ncnn.lib(roialign.cpp.obj) : error LNK2038: 检测到“_ITERATOR_DEBUG_LEVEL”的不匹配项: 值“0”不匹配值“2”(demo.obj 中)
ncnn.lib(roialign.cpp.obj) : error LNK2038: 检测到“RuntimeLibrary”的不匹配项: 值“MD_DynamicRelease”不匹配值“MDd_DynamicDebug”(demo.obj 中)
ncnn.lib(roialign_x86.cpp.obj) : error LNK2038: 检测到“_ITERATOR_DEBUG_LEVEL”的不匹配项: 值“0”不匹配值“2”(demo.obj 中)
ncnn.lib(roialign_x86.cpp.obj) : error LNK2038: 检测到“RuntimeLibrary”的不匹配项: 值“MD_DynamicRelease”不匹配值“MDd_DynamicDebug”(demo.obj 中)
ncnn.lib(roialign_x86_avx2.cpp.obj) : error LNK2038: 检测到“_ITERATOR_DEBUG_LEVEL”的不匹配项: 值“0”不匹配值“2”(demo.obj 中)
ncnn.lib(roialign_x86_avx2.cpp.obj) : error LNK2038: 检测到“RuntimeLibrary”的不匹配项: 值“MD_DynamicRelease”不匹配值“MDd_DynamicDebug”(demo.obj 中)
ncnn.lib(packing.cpp.obj) : error LNK2038: 检测到“_ITERATOR_DEBUG_LEVEL”的不匹配项: 值“0”不匹配值“2”(demo.obj 中)
ncnn.lib(packing.cpp.obj) : error LNK2038: 检测到“RuntimeLibrary”的不匹配项: 值“MD_DynamicRelease”不匹配值“MDd_DynamicDebug”(demo.obj 中)
ncnn.lib(packing_x86.cpp.obj) : error LNK2038: 检测到“_ITERATOR_DEBUG_LEVEL”的不匹配项: 值“0”不匹配值“2”(demo.obj 中)
ncnn.lib(packing_x86.cpp.obj) : error LNK2038: 检测到“RuntimeLibrary”的不匹配项: 值“MD_DynamicRelease”不匹配值“MDd_DynamicDebug”(demo.obj 中)
ncnn.lib(packing_x86_avx2.cpp.obj) : error LNK2038: 检测到“_ITERATOR_DEBUG_LEVEL”的不匹配项: 值“0”不匹配值“2”(demo.obj 中)
ncnn.lib(packing_x86_avx2.cpp.obj) : error LNK2038: 检测到“RuntimeLibrary”的不匹配项: 值“MD_DynamicRelease”不匹配值“MDd_DynamicDebug”(demo.obj 中)
ncnn.lib(requantize.cpp.obj) : error LNK2038: 检测到“_ITERATOR_DEBUG_LEVEL”的不匹配项: 值“0”不匹配值“2”(demo.obj 中)
ncnn.lib(requantize.cpp.obj) : error LNK2038: 检测到“RuntimeLibrary”的不匹配项: 值“MD_DynamicRelease”不匹配值“MDd_DynamicDebug”(demo.obj 中)
ncnn.lib(requantize_x86.cpp.obj) : error LNK2038: 检测到“_ITERATOR_DEBUG_LEVEL”的不匹配项: 值“0”不匹配值“2”(demo.obj 中)
ncnn.lib(requantize_x86.cpp.obj) : error LNK2038: 检测到“RuntimeLibrary”的不匹配项: 值“MD_DynamicRelease”不匹配值“MDd_DynamicDebug”(demo.obj 中)
ncnn.lib(requantize_x86_avx2.cpp.obj) : error LNK2038: 检测到“_ITERATOR_DEBUG_LEVEL”的不匹配项: 值“0”不匹配值“2”(demo.obj 中)
ncnn.lib(requantize_x86_avx2.cpp.obj) : error LNK2038: 检测到“RuntimeLibrary”的不匹配项: 值“MD_DynamicRelease”不匹配值“MDd_DynamicDebug”(demo.obj 中)
ncnn.lib(cast.cpp.obj) : error LNK2038: 检测到“_ITERATOR_DEBUG_LEVEL”的不匹配项: 值“0”不匹配值“2”(demo.obj 中)
ncnn.lib(cast.cpp.obj) : error LNK2038: 检测到“RuntimeLibrary”的不匹配项: 值“MD_DynamicRelease”不匹配值“MDd_DynamicDebug”(demo.obj 中)
ncnn.lib(cast_x86.cpp.obj) : error LNK2038: 检测到“_ITERATOR_DEBUG_LEVEL”的不匹配项: 值“0”不匹配值“2”(demo.obj 中)
ncnn.lib(cast_x86.cpp.obj) : error LNK2038: 检测到“RuntimeLibrary”的不匹配项: 值“MD_DynamicRelease”不匹配值“MDd_DynamicDebug”(demo.obj 中)
ncnn.lib(cast_x86_avx2.cpp.obj) : error LNK2038: 检测到“_ITERATOR_DEBUG_LEVEL”的不匹配项: 值“0”不匹配值“2”(demo.obj 中)
ncnn.lib(cast_x86_avx2.cpp.obj) : error LNK2038: 检测到“RuntimeLibrary”的不匹配项: 值“MD_DynamicRelease”不匹配值“MDd_DynamicDebug”(demo.obj 中)
ncnn.lib(hardsigmoid.cpp.obj) : error LNK2038: 检测到“_ITERATOR_DEBUG_LEVEL”的不匹配项: 值“0”不匹配值“2”(demo.obj 中)
ncnn.lib(hardsigmoid.cpp.obj) : error LNK2038: 检测到“RuntimeLibrary”的不匹配项: 值“MD_DynamicRelease”不匹配值“MDd_DynamicDebug”(demo.obj 中)
ncnn.lib(hardsigmoid_x86.cpp.obj) : error LNK2038: 检测到“_ITERATOR_DEBUG_LEVEL”的不匹配项: 值“0”不匹配值“2”(demo.obj 中)
ncnn.lib(hardsigmoid_x86.cpp.obj) : error LNK2038: 检测到“RuntimeLibrary”的不匹配项: 值“MD_DynamicRelease”不匹配值“MDd_DynamicDebug”(demo.obj 中)
ncnn.lib(hardsigmoid_x86_avx2.cpp.obj) : error LNK2038: 检测到“_ITERATOR_DEBUG_LEVEL”的不匹配项: 值“0”不匹配值“2”(demo.obj 中)
ncnn.lib(hardsigmoid_x86_avx2.cpp.obj) : error LNK2038: 检测到“RuntimeLibrary”的不匹配项: 值“MD_DynamicRelease”不匹配值“MDd_DynamicDebug”(demo.obj 中)
ncnn.lib(selu.cpp.obj) : error LNK2038: 检测到“_ITERATOR_DEBUG_LEVEL”的不匹配项: 值“0”不匹配值“2”(demo.obj 中)
ncnn.lib(selu.cpp.obj) : error LNK2038: 检测到“RuntimeLibrary”的不匹配项: 值“MD_DynamicRelease”不匹配值“MDd_DynamicDebug”(demo.obj 中)
ncnn.lib(hardswish.cpp.obj) : error LNK2038: 检测到“_ITERATOR_DEBUG_LEVEL”的不匹配项: 值“0”不匹配值“2”(demo.obj 中)
ncnn.lib(hardswish.cpp.obj) : error LNK2038: 检测到“RuntimeLibrary”的不匹配项: 值“MD_DynamicRelease”不匹配值“MDd_DynamicDebug”(demo.obj 中)
ncnn.lib(hardswish_x86.cpp.obj) : error LNK2038: 检测到“_ITERATOR_DEBUG_LEVEL”的不匹配项: 值“0”不匹配值“2”(demo.obj 中)
ncnn.lib(hardswish_x86.cpp.obj) : error LNK2038: 检测到“RuntimeLibrary”的不匹配项: 值“MD_DynamicRelease”不匹配值“MDd_DynamicDebug”(demo.obj 中)
ncnn.lib(hardswish_x86_avx2.cpp.obj) : error LNK2038: 检测到“_ITERATOR_DEBUG_LEVEL”的不匹配项: 值“0”不匹配值“2”(demo.obj 中)
ncnn.lib(hardswish_x86_avx2.cpp.obj) : error LNK2038: 检测到“RuntimeLibrary”的不匹配项: 值“MD_DynamicRelease”不匹配值“MDd_DynamicDebug”(demo.obj 中)
ncnn.lib(noop.cpp.obj) : error LNK2038: 检测到“_ITERATOR_DEBUG_LEVEL”的不匹配项: 值“0”不匹配值“2”(demo.obj 中)
ncnn.lib(noop.cpp.obj) : error LNK2038: 检测到“RuntimeLibrary”的不匹配项: 值“MD_DynamicRelease”不匹配值“MDd_DynamicDebug”(demo.obj 中)
ncnn.lib(pixelshuffle.cpp.obj) : error LNK2038: 检测到“_ITERATOR_DEBUG_LEVEL”的不匹配项: 值“0”不匹配值“2”(demo.obj 中)
ncnn.lib(pixelshuffle.cpp.obj) : error LNK2038: 检测到“RuntimeLibrary”的不匹配项: 值“MD_DynamicRelease”不匹配值“MDd_DynamicDebug”(demo.obj 中)
ncnn.lib(deepcopy.cpp.obj) : error LNK2038: 检测到“_ITERATOR_DEBUG_LEVEL”的不匹配项: 值“0”不匹配值“2”(demo.obj 中)
ncnn.lib(deepcopy.cpp.obj) : error LNK2038: 检测到“RuntimeLibrary”的不匹配项: 值“MD_DynamicRelease”不匹配值“MDd_DynamicDebug”(demo.obj 中)
ncnn.lib(mish.cpp.obj) : error LNK2038: 检测到“_ITERATOR_DEBUG_LEVEL”的不匹配项: 值“0”不匹配值“2”(demo.obj 中)
ncnn.lib(mish.cpp.obj) : error LNK2038: 检测到“RuntimeLibrary”的不匹配项: 值“MD_DynamicRelease”不匹配值“MDd_DynamicDebug”(demo.obj 中)
ncnn.lib(mish_x86.cpp.obj) : error LNK2038: 检测到“_ITERATOR_DEBUG_LEVEL”的不匹配项: 值“0”不匹配值“2”(demo.obj 中)
ncnn.lib(mish_x86.cpp.obj) : error LNK2038: 检测到“RuntimeLibrary”的不匹配项: 值“MD_DynamicRelease”不匹配值“MDd_DynamicDebug”(demo.obj 中)
ncnn.lib(mish_x86_avx2.cpp.obj) : error LNK2038: 检测到“_ITERATOR_DEBUG_LEVEL”的不匹配项: 值“0”不匹配值“2”(demo.obj 中)
ncnn.lib(mish_x86_avx2.cpp.obj) : error LNK2038: 检测到“RuntimeLibrary”的不匹配项: 值“MD_DynamicRelease”不匹配值“MDd_DynamicDebug”(demo.obj 中)
ncnn.lib(statisticspooling.cpp.obj) : error LNK2038: 检测到“_ITERATOR_DEBUG_LEVEL”的不匹配项: 值“0”不匹配值“2”(demo.obj 中)
ncnn.lib(statisticspooling.cpp.obj) : error LNK2038: 检测到“RuntimeLibrary”的不匹配项: 值“MD_DynamicRelease”不匹配值“MDd_DynamicDebug”(demo.obj 中)
ncnn.lib(swish.cpp.obj) : error LNK2038: 检测到“_ITERATOR_DEBUG_LEVEL”的不匹配项: 值“0”不匹配值“2”(demo.obj 中)
ncnn.lib(swish.cpp.obj) : error LNK2038: 检测到“RuntimeLibrary”的不匹配项: 值“MD_DynamicRelease”不匹配值“MDd_DynamicDebug”(demo.obj 中)
ncnn.lib(swish_x86.cpp.obj) : error LNK2038: 检测到“_ITERATOR_DEBUG_LEVEL”的不匹配项: 值“0”不匹配值“2”(demo.obj 中)
ncnn.lib(swish_x86.cpp.obj) : error LNK2038: 检测到“RuntimeLibrary”的不匹配项: 值“MD_DynamicRelease”不匹配值“MDd_DynamicDebug”(demo.obj 中)
ncnn.lib(swish_x86_avx2.cpp.obj) : error LNK2038: 检测到“_ITERATOR_DEBUG_LEVEL”的不匹配项: 值“0”不匹配值“2”(demo.obj 中)
ncnn.lib(swish_x86_avx2.cpp.obj) : error LNK2038: 检测到“RuntimeLibrary”的不匹配项: 值“MD_DynamicRelease”不匹配值“MDd_DynamicDebug”(demo.obj 中)
ncnn.lib(gemm.cpp.obj) : error LNK2038: 检测到“_ITERATOR_DEBUG_LEVEL”的不匹配项: 值“0”不匹配值“2”(demo.obj 中)
ncnn.lib(gemm.cpp.obj) : error LNK2038: 检测到“RuntimeLibrary”的不匹配项: 值“MD_DynamicRelease”不匹配值“MDd_DynamicDebug”(demo.obj 中)
ncnn.lib(groupnorm.cpp.obj) : error LNK2038: 检测到“_ITERATOR_DEBUG_LEVEL”的不匹配项: 值“0”不匹配值“2”(demo.obj 中)
ncnn.lib(groupnorm.cpp.obj) : error LNK2038: 检测到“RuntimeLibrary”的不匹配项: 值“MD_DynamicRelease”不匹配值“MDd_DynamicDebug”(demo.obj 中)
ncnn.lib(layernorm.cpp.obj) : error LNK2038: 检测到“_ITERATOR_DEBUG_LEVEL”的不匹配项: 值“0”不匹配值“2”(demo.obj 中)
ncnn.lib(layernorm.cpp.obj) : error LNK2038: 检测到“RuntimeLibrary”的不匹配项: 值“MD_DynamicRelease”不匹配值“MDd_DynamicDebug”(demo.obj 中)
ncnn.lib(softplus.cpp.obj) : error LNK2038: 检测到“_ITERATOR_DEBUG_LEVEL”的不匹配项: 值“0”不匹配值“2”(demo.obj 中)
ncnn.lib(softplus.cpp.obj) : error LNK2038: 检测到“RuntimeLibrary”的不匹配项: 值“MD_DynamicRelease”不匹配值“MDd_DynamicDebug”(demo.obj 中)
ncnn.lib(gru.cpp.obj) : error LNK2038: 检测到“_ITERATOR_DEBUG_LEVEL”的不匹配项: 值“0”不匹配值“2”(demo.obj 中)
ncnn.lib(gru.cpp.obj) : error LNK2038: 检测到“RuntimeLibrary”的不匹配项: 值“MD_DynamicRelease”不匹配值“MDd_DynamicDebug”(demo.obj 中)
ncnn.lib(multiheadattention.cpp.obj) : error LNK2038: 检测到“_ITERATOR_DEBUG_LEVEL”的不匹配项: 值“0”不匹配值“2”(demo.obj 中)
ncnn.lib(multiheadattention.cpp.obj) : error LNK2038: 检测到“RuntimeLibrary”的不匹配项: 值“MD_DynamicRelease”不匹配值“MDd_DynamicDebug”(demo.obj 中)
ncnn.lib(gelu.cpp.obj) : error LNK2038: 检测到“_ITERATOR_DEBUG_LEVEL”的不匹配项: 值“0”不匹配值“2”(demo.obj 中)
ncnn.lib(gelu.cpp.obj) : error LNK2038: 检测到“RuntimeLibrary”的不匹配项: 值“MD_DynamicRelease”不匹配值“MDd_DynamicDebug”(demo.obj 中)
LINK : warning LNK4098: 默认库“MSVCRT”与其他库的使用冲突；请使用 /NODEFAULTLIB:library
C:\AllProgram\NCNN\demo\x64\Debug\demo.exe : fatal error LNK1319: 检测到 316 个不匹配项
